# Java VM: OpenJDK 64-Bit Server VM (25.472-b08 mixed mode windows-amd64 compressed oops)
Heap:
 PSYoungGen      total 151040K, used 40965K [0x00000000f5580000, 0x00000000fff00000, 0x0000000100000000)
  eden space 145920K, 24% used [0x00000000f5580000,0x00000000f789fa70,0x00000000fe400000)
  from space 5120K, 97% used [0x00000000fe400000,0x00000000fe8e1ad0,0x00000000fe900000)
  to   space 13824K, 0% used [0x00000000ff180000,0x00000000ff180000,0x00000000fff00000)
 ParOldGen       total 175104K, used 42327K [0x00000000e0000000, 0x00000000eab00000, 0x00000000f5580000)
  object space 175104K, 24% used [0x00000000e0000000,0x00000000e2955de8,0x00000000eab00000)
 Metaspace       used 65617K, capacity 71142K, committed 71344K, reserved 1110016K
  class space    used 9209K, capacity 10095K, committed 10160K, reserved 1048576K
GC Heap History (10 events):
Event: 21.525 GC heap before
{Heap before GC invocations=16 (full 2):
 PSYoungGen      total 159744K, used 152524K [0x00000000f5580000, 0x0000000100000000, 0x0000000100000000)
  eden space 144896K, 100% used [0x00000000f5580000,0x00000000fe300000,0x00000000fe300000)
  from space 14848K, 51% used [0x00000000fe300000,0x00000000fea73238,0x00000000ff180000)
  to   space 14336K, 0% used [0x00000000ff200000,0x00000000ff200000,0x0000000100000000)
 ParOldGen       total 175104K, used 31280K [0x00000000e0000000, 0x00000000eab00000, 0x00000000f5580000)
  object space 175104K, 17% used [0x00000000e0000000,0x00000000e1e8c2a0,0x00000000eab00000)
 Metaspace       used 55016K, capacity 59018K, committed 59160K, reserved 1099776K
  class space    used 7812K, capacity 8527K, committed 8624K, reserved 1048576K
Event: 21.539 GC heap after
Heap after GC invocations=16 (full 2):
 PSYoungGen      total 158208K, used 7918K [0x00000000f5580000, 0x00000000ffe80000, 0x0000000100000000)
  eden space 145408K, 0% used [0x00000000f5580000,0x00000000f5580000,0x00000000fe380000)
  from space 12800K, 61% used [0x00000000ff200000,0x00000000ff9bbac8,0x00000000ffe80000)
  to   space 13824K, 0% used [0x00000000fe380000,0x00000000fe380000,0x00000000ff100000)
 ParOldGen       total 175104K, used 36412K [0x00000000e0000000, 0x00000000eab00000, 0x00000000f5580000)
  object space 175104K, 20% used [0x00000000e0000000,0x00000000e238f2d0,0x00000000eab00000)
 Metaspace       used 55016K, capacity 59018K, committed 59160K, reserved 1099776K
  class space    used 7812K, capacity 8527K, committed 8624K, reserved 1048576K
}
Event: 21.614 GC heap before
{Heap before GC invocations=17 (full 2):
 PSYoungGen      total 158208K, used 13543K [0x00000000f5580000, 0x00000000ffe80000, 0x0000000100000000)
  eden space 145408K, 3% used [0x00000000f5580000,0x00000000f5afe360,0x00000000fe380000)
  from space 12800K, 61% used [0x00000000ff200000,0x00000000ff9bbac8,0x00000000ffe80000)
  to   space 13824K, 0% used [0x00000000fe380000,0x00000000fe380000,0x00000000ff100000)
 ParOldGen       total 175104K, used 36412K [0x00000000e0000000, 0x00000000eab00000, 0x00000000f5580000)
  object space 175104K, 20% used [0x00000000e0000000,0x00000000e238f2d0,0x00000000eab00000)
 Metaspace       used 55122K, capacity 59050K, committed 59160K, reserved 1099776K
  class space    used 7833K, capacity 8559K, committed 8624K, reserved 1048576K
Event: 21.623 GC heap after
Heap after GC invocations=17 (full 2):
 PSYoungGen      total 159232K, used 1184K [0x00000000f5580000, 0x0000000100000000, 0x0000000100000000)
  eden space 145408K, 0% used [0x00000000f5580000,0x00000000f5580000,0x00000000fe380000)
  from space 13824K, 8% used [0x00000000fe380000,0x00000000fe4a8010,0x00000000ff100000)
  to   space 14336K, 0% used [0x00000000ff200000,0x00000000ff200000,0x0000000100000000)
 ParOldGen       total 175104K, used 40210K [0x00000000e0000000, 0x00000000eab00000, 0x00000000f5580000)
  object space 175104K, 22% used [0x00000000e0000000,0x00000000e2744b30,0x00000000eab00000)
 Metaspace       used 55122K, capacity 59050K, committed 59160K, reserved 1099776K
  class space    used 7833K, capacity 8559K, committed 8624K, reserved 1048576K
}
Event: 21.623 GC heap before
{Heap before GC invocations=18 (full 3):
 PSYoungGen      total 159232K, used 1184K [0x00000000f5580000, 0x0000000100000000, 0x0000000100000000)
  eden space 145408K, 0% used [0x00000000f5580000,0x00000000f5580000,0x00000000fe380000)
  from space 13824K, 8% used [0x00000000fe380000,0x00000000fe4a8010,0x00000000ff100000)
  to   space 14336K, 0% used [0x00000000ff200000,0x00000000ff200000,0x0000000100000000)
 ParOldGen       total 175104K, used 40210K [0x00000000e0000000, 0x00000000eab00000, 0x00000000f5580000)
  object space 175104K, 22% used [0x00000000e0000000,0x00000000e2744b30,0x00000000eab00000)
 Metaspace       used 55122K, capacity 59050K, committed 59160K, reserved 1099776K
  class space    used 7833K, capacity 8559K, committed 8624K, reserved 1048576K
Event: 21.839 GC heap after
Heap after GC invocations=18 (full 3):
 PSYoungGen      total 159232K, used 0K [0x00000000f5580000, 0x0000000100000000, 0x0000000100000000)
  eden space 145408K, 0% used [0x00000000f5580000,0x00000000f5580000,0x00000000fe380000)
  from space 13824K, 0% used [0x00000000fe380000,0x00000000fe380000,0x00000000ff100000)
  to   space 14336K, 0% used [0x00000000ff200000,0x00000000ff200000,0x0000000100000000)
 ParOldGen       total 175104K, used 37907K [0x00000000e0000000, 0x00000000eab00000, 0x00000000f5580000)
  object space 175104K, 21% used [0x00000000e0000000,0x00000000e2504f98,0x00000000eab00000)
 Metaspace       used 55013K, capacity 58852K, committed 59160K, reserved 1099776K
  class space    used 7797K, capacity 8489K, committed 8624K, reserved 1048576K
}
Event: 31.145 GC heap before
{Heap before GC invocations=19 (full 3):
 PSYoungGen      total 159232K, used 145408K [0x00000000f5580000, 0x0000000100000000, 0x0000000100000000)
  eden space 145408K, 100% used [0x00000000f5580000,0x00000000fe380000,0x00000000fe380000)
  from space 13824K, 0% used [0x00000000fe380000,0x00000000fe380000,0x00000000ff100000)
  to   space 14336K, 0% used [0x00000000ff200000,0x00000000ff200000,0x0000000100000000)
 ParOldGen       total 175104K, used 37907K [0x00000000e0000000, 0x00000000eab00000, 0x00000000f5580000)
  object space 175104K, 21% used [0x00000000e0000000,0x00000000e2504f98,0x00000000eab00000)
 Metaspace       used 63120K, capacity 67964K, committed 68144K, reserved 1107968K
  class space    used 8912K, capacity 9741K, committed 9776K, reserved 1048576K
Event: 31.158 GC heap after
Heap after GC invocations=19 (full 3):
 PSYoungGen      total 160256K, used 8523K [0x00000000f5580000, 0x0000000100000000, 0x0000000100000000)
  eden space 145920K, 0% used [0x00000000f5580000,0x00000000f5580000,0x00000000fe400000)
  from space 14336K, 59% used [0x00000000ff200000,0x00000000ffa52d88,0x0000000100000000)
  to   space 14336K, 0% used [0x00000000fe400000,0x00000000fe400000,0x00000000ff200000)
 ParOldGen       total 175104K, used 37987K [0x00000000e0000000, 0x00000000eab00000, 0x00000000f5580000)
  object space 175104K, 21% used [0x00000000e0000000,0x00000000e2518fa8,0x00000000eab00000)
 Metaspace       used 63120K, capacity 67964K, committed 68144K, reserved 1107968K
  class space    used 8912K, capacity 9741K, committed 9776K, reserved 1048576K
}
Event: 368.721 GC heap before
{Heap before GC invocations=20 (full 3):
 PSYoungGen      total 160256K, used 154443K [0x00000000f5580000, 0x0000000100000000, 0x0000000100000000)
  eden space 145920K, 100% used [0x00000000f5580000,0x00000000fe400000,0x00000000fe400000)
  from space 14336K, 59% used [0x00000000ff200000,0x00000000ffa52d88,0x0000000100000000)
  to   space 14336K, 0% used [0x00000000fe400000,0x00000000fe400000,0x00000000ff200000)
 ParOldGen       total 175104K, used 37987K [0x00000000e0000000, 0x00000000eab00000, 0x00000000f5580000)
  object space 175104K, 21% used [0x00000000e0000000,0x00000000e2518fa8,0x00000000eab00000)
 Metaspace       used 65269K, capacity 70746K, committed 71088K, reserved 1110016K
  class space    used 9182K, capacity 10061K, committed 10160K, reserved 1048576K
Event: 369.514 GC heap after
Heap after GC invocations=20 (full 3):
 PSYoungGen      total 151040K, used 4998K [0x00000000f5580000, 0x00000000fff00000, 0x0000000100000000)
  eden space 145920K, 0% used [0x00000000f5580000,0x00000000f5580000,0x00000000fe400000)
  from space 5120K, 97% used [0x00000000fe400000,0x00000000fe8e1ad0,0x00000000fe900000)
  to   space 13824K, 0% used [0x00000000ff180000,0x00000000ff180000,0x00000000fff00000)
 ParOldGen       total 175104K, used 42327K [0x00000000e0000000, 0x00000000eab00000, 0x00000000f5580000)
  object space 175104K, 24% used [0x00000000e0000000,0x00000000e2955de8,0x00000000eab00000)
 Metaspace       used 65269K, capacity 70746K, committed 71088K, reserved 1110016K
  class space    used 9182K, capacity 10061K, committed 10160K, reserved 1048576K
}

