# JRE version: OpenJDK Runtime Environment (21.0.8) (build 21.0.8+-14196175-b1038.72)
# Java VM: OpenJDK 64-Bit Server VM (21.0.8+-14196175-b1038.72, mixed mode, tiered, compressed oops, compressed class ptrs, g1 gc, windows-amd64)
GC Precious Log:
 CardTable entry size: 512
 Card Set container configuration: InlinePtr #cards 5 size 8 Array Of Cards #cards 12 size 40 Howl #buckets 4 coarsen threshold 1843 Howl Bitmap #cards 512 size 80 coarsen threshold 460 Card regions per heap region 1 cards per card region 2048
 CPUs: 12 total, 12 available
 Memory: 7597M
 Large Page Support: Disabled
 NUMA Support: Disabled
 Compressed Oops: Enabled (32-bit)
 Heap Region Size: 1M
 Heap Min Capacity: 256M
 Heap Initial Capacity: 256M
 Heap Max Capacity: 512M
 Pre-touch: Disabled
 Parallel Workers: 10
 Concurrent Workers: 3
 Concurrent Refinement Workers: 10
 Periodic GC: Disabled
Heap:
 garbage-first heap   total 311296K, used 206012K [0x00000000e0000000, 0x0000000100000000)
  region size 1024K, 33 young (33792K), 12 survivors (12288K)
 Metaspace       used 106967K, committed 108800K, reserved 458752K
  class space    used 14408K, committed 15296K, reserved 327680K
GC Heap History (20 events):
Event: 129.011 GC heap before
{Heap before GC invocations=117 (full 0):
 garbage-first heap   total 277504K, used 205816K [0x00000000e0000000, 0x0000000100000000)
  region size 1024K, 61 young (62464K), 1 survivors (1024K)
 Metaspace       used 82867K, committed 84480K, reserved 458752K
  class space    used 11129K, committed 11904K, reserved 327680K
}
Event: 129.014 GC heap after
{Heap after GC invocations=118 (full 0):
 garbage-first heap   total 277504K, used 145260K [0x00000000e0000000, 0x0000000100000000)
  region size 1024K, 1 young (1024K), 1 survivors (1024K)
 Metaspace       used 82867K, committed 84480K, reserved 458752K
  class space    used 11129K, committed 11904K, reserved 327680K
}
Event: 129.393 GC heap before
{Heap before GC invocations=119 (full 0):
 garbage-first heap   total 277504K, used 264044K [0x00000000e0000000, 0x0000000100000000)
  region size 1024K, 113 young (115712K), 1 survivors (1024K)
 Metaspace       used 82867K, committed 84480K, reserved 458752K
  class space    used 11129K, committed 11904K, reserved 327680K
}
Event: 129.397 GC heap after
{Heap after GC invocations=120 (full 0):
 garbage-first heap   total 277504K, used 151315K [0x00000000e0000000, 0x0000000100000000)
  region size 1024K, 3 young (3072K), 3 survivors (3072K)
 Metaspace       used 82867K, committed 84480K, reserved 458752K
  class space    used 11129K, committed 11904K, reserved 327680K
}
Event: 129.764 GC heap before
{Heap before GC invocations=120 (full 0):
 garbage-first heap   total 277504K, used 257811K [0x00000000e0000000, 0x0000000100000000)
  region size 1024K, 107 young (109568K), 3 survivors (3072K)
 Metaspace       used 82869K, committed 84480K, reserved 458752K
  class space    used 11129K, committed 11904K, reserved 327680K
}
Event: 129.769 GC heap after
{Heap after GC invocations=121 (full 0):
 garbage-first heap   total 277504K, used 152161K [0x00000000e0000000, 0x0000000100000000)
  region size 1024K, 4 young (4096K), 4 survivors (4096K)
 Metaspace       used 82869K, committed 84480K, reserved 458752K
  class space    used 11129K, committed 11904K, reserved 327680K
}
Event: 130.084 GC heap before
{Heap before GC invocations=121 (full 0):
 garbage-first heap   total 277504K, used 257633K [0x00000000e0000000, 0x0000000100000000)
  region size 1024K, 107 young (109568K), 4 survivors (4096K)
 Metaspace       used 82869K, committed 84480K, reserved 458752K
  class space    used 11129K, committed 11904K, reserved 327680K
}
Event: 130.089 GC heap after
{Heap after GC invocations=122 (full 0):
 garbage-first heap   total 277504K, used 153732K [0x00000000e0000000, 0x0000000100000000)
  region size 1024K, 6 young (6144K), 6 survivors (6144K)
 Metaspace       used 82869K, committed 84480K, reserved 458752K
  class space    used 11129K, committed 11904K, reserved 327680K
}
Event: 130.468 GC heap before
{Heap before GC invocations=123 (full 0):
 garbage-first heap   total 277504K, used 255108K [0x00000000e0000000, 0x0000000100000000)
  region size 1024K, 105 young (107520K), 6 survivors (6144K)
 Metaspace       used 82869K, committed 84480K, reserved 458752K
  class space    used 11129K, committed 11904K, reserved 327680K
}
Event: 130.470 GC heap after
{Heap after GC invocations=124 (full 0):
 garbage-first heap   total 277504K, used 145375K [0x00000000e0000000, 0x0000000100000000)
  region size 1024K, 2 young (2048K), 2 survivors (2048K)
 Metaspace       used 82869K, committed 84480K, reserved 458752K
  class space    used 11129K, committed 11904K, reserved 327680K
}
Event: 130.811 GC heap before
{Heap before GC invocations=124 (full 0):
 garbage-first heap   total 277504K, used 258015K [0x00000000e0000000, 0x0000000100000000)
  region size 1024K, 113 young (115712K), 2 survivors (2048K)
 Metaspace       used 82870K, committed 84480K, reserved 458752K
  class space    used 11129K, committed 11904K, reserved 327680K
}
Event: 130.816 GC heap after
{Heap after GC invocations=125 (full 0):
 garbage-first heap   total 277504K, used 144124K [0x00000000e0000000, 0x0000000100000000)
  region size 1024K, 1 young (1024K), 1 survivors (1024K)
 Metaspace       used 82870K, committed 84480K, reserved 458752K
  class space    used 11129K, committed 11904K, reserved 327680K
}
Event: 131.280 GC heap before
{Heap before GC invocations=125 (full 0):
 garbage-first heap   total 277504K, used 259836K [0x00000000e0000000, 0x0000000100000000)
  region size 1024K, 114 young (116736K), 1 survivors (1024K)
 Metaspace       used 82871K, committed 84480K, reserved 458752K
  class space    used 11129K, committed 11904K, reserved 327680K
}
Event: 131.283 GC heap after
{Heap after GC invocations=126 (full 0):
 garbage-first heap   total 277504K, used 143964K [0x00000000e0000000, 0x0000000100000000)
  region size 1024K, 1 young (1024K), 1 survivors (1024K)
 Metaspace       used 82871K, committed 84480K, reserved 458752K
  class space    used 11129K, committed 11904K, reserved 327680K
}
Event: 134.739 GC heap before
{Heap before GC invocations=127 (full 0):
 garbage-first heap   total 278528K, used 276060K [0x00000000e0000000, 0x0000000100000000)
  region size 1024K, 113 young (115712K), 1 survivors (1024K)
 Metaspace       used 91077K, committed 92800K, reserved 458752K
  class space    used 12234K, committed 13056K, reserved 327680K
}
Event: 134.752 GC heap after
{Heap after GC invocations=128 (full 0):
 garbage-first heap   total 292864K, used 173282K [0x00000000e0000000, 0x0000000100000000)
  region size 1024K, 14 young (14336K), 14 survivors (14336K)
 Metaspace       used 91077K, committed 92800K, reserved 458752K
  class space    used 12234K, committed 13056K, reserved 327680K
}
Event: 136.743 GC heap before
{Heap before GC invocations=128 (full 0):
 garbage-first heap   total 292864K, used 266466K [0x00000000e0000000, 0x0000000100000000)
  region size 1024K, 100 young (102400K), 14 survivors (14336K)
 Metaspace       used 99433K, committed 101248K, reserved 458752K
  class space    used 13329K, committed 14208K, reserved 327680K
}
Event: 136.757 GC heap after
{Heap after GC invocations=129 (full 0):
 garbage-first heap   total 292864K, used 179522K [0x00000000e0000000, 0x0000000100000000)
  region size 1024K, 6 young (6144K), 6 survivors (6144K)
 Metaspace       used 99433K, committed 101248K, reserved 458752K
  class space    used 13329K, committed 14208K, reserved 327680K
}
Event: 138.906 GC heap before
{Heap before GC invocations=129 (full 0):
 garbage-first heap   total 292864K, used 270658K [0x00000000e0000000, 0x0000000100000000)
  region size 1024K, 95 young (97280K), 6 survivors (6144K)
 Metaspace       used 106377K, committed 108224K, reserved 458752K
  class space    used 14299K, committed 15168K, reserved 327680K
}
Event: 138.917 GC heap after
{Heap after GC invocations=130 (full 0):
 garbage-first heap   total 292864K, used 185532K [0x00000000e0000000, 0x0000000100000000)
  region size 1024K, 12 young (12288K), 12 survivors (12288K)
 Metaspace       used 106377K, committed 108224K, reserved 458752K
  class space    used 14299K, committed 15168K, reserved 327680K
}

